
allCateCount:  139

 Has Finished:  0.00%

userAgent:  Mozilla/4.0 (compatible; MSIE 5.5; Windows NT 5.2; .NET CLR 1.1.4322; InfoPath.2; .NET CLR 2.0.50727; .NET CLR 3.0.04506.648; .NET CLR 3.5.21022; FDM)

domain:  www.google.at
url https://www.google.at/search?hl=pt-BR&q=site%3Amyshopify.com+Cables+%26+Adapters&num=100&btnG=Google+Search
count:  99
count:  199
count:  299
2020-02-22T09:32:40.074Z

 Has Finished:  0.72%

userAgent:  Mozilla/5.0 (Windows; U; Windows NT 6.1; en-US) AppleWebKit/532.0 (KHTML, like Gecko) Chrome/4.0.211.0 Safari/532.0

domain:  www.google.gr
url https://www.google.gr/search?hl=pt-BR&q=site%3Amyshopify.com+Electronic+Cigarettes&num=100&btnG=Google+Search
count:  98
count:  198
count:  298
count:  327
2020-02-22T09:38:58.430Z

 Has Finished:  1.44%

userAgent:  Mozilla/5.0 (Windows; U; Windows NT 5.1; en-US) AppleWebKit/530.8 (KHTML, like Gecko) Chrome/2.0.177.1 Safari/530.8

domain:  www.google.tn
url https://www.google.tn/search?hl=pt-BR&q=site%3Amyshopify.com+Batteries&num=100&btnG=Google+Search
count:  98
count:  198
count:  298
count:  355
2020-02-22T09:45:07.580Z

 Has Finished:  2.16%

userAgent:  Mozilla/5.0 (Windows; U; Windows NT 6.0; de; rv:1.8.1.5) Gecko/20070713 Firefox/2.0.0.5

domain:  www.google.ca
url https://www.google.ca/search?hl=pt-BR&q=site%3Amyshopify.com+Chargers&num=100&btnG=Google+Search
count:  99
count:  199
count:  299
count:  371
2020-02-22T09:51:08.039Z

 Has Finished:  2.88%

userAgent:  Opera/8.54 (Windows NT 4.0; U; zh-cn)

domain:  www.google.ci
url https://www.google.ci/search?hl=pt-BR&q=site%3Amyshopify.com+Home+Electronic+Accessories&num=100&btnG=Google+Search
count:  98
count:  198
count:  286
2020-02-22T09:55:51.884Z

 Has Finished:  3.60%

userAgent:  Mozilla/5.0 (X11; U; Linux i686; en-GB; rv:1.8.1.9) Gecko/20071105 Firefox/2.0.0.9

domain:  www.google.kz
url https://www.google.kz/search?hl=pt-BR&q=site%3Amyshopify.com+Bags+%26+Cases&num=100&btnG=Google+Search
count:  99
count:  199
count:  299
count:  354
2020-02-22T10:02:04.422Z

 Has Finished:  4.32%

userAgent:  Mozilla/5.0 (X11; U; Linux x86_64; it; rv:1.8.1.2) Gecko/20060601 Firefox/2.0.0.2 (Ubuntu-edgy)

domain:  www.google.bi
url https://www.google.bi/search?hl=pt-BR&q=site%3Amyshopify.com+Televisions&num=100&btnG=Google+Search
count:  99
count:  199
count:  258
2020-02-22T10:07:01.250Z

 Has Finished:  5.04%

userAgent:  Mozilla/5.0 (Macintosh; U; PPC Mac OS X; de-de) AppleWebKit/125.5.6 (KHTML, like Gecko) Safari/125.12_Adobe

domain:  www.google.com.py
url https://www.google.com.py/search?hl=pt-BR&q=site%3Amyshopify.com+TV+Receivers&num=100&btnG=Google+Search
count:  99
count:  199
count:  296
2020-02-22T10:11:55.840Z

 Has Finished:  5.76%

userAgent:  Mozilla/4.0 (compatible; MSIE 6.0b; Windows NT 5.0; YComp 5.0.0.0)

domain:  www.google.de
url https://www.google.de/search?hl=pt-BR&q=site%3Amyshopify.com+Projectors&num=100&btnG=Google+Search
count:  95
count:  193
count:  294
2020-02-22T10:16:53.880Z

 Has Finished:  6.47%

userAgent:  Mozilla/5.0 (Macintosh; U; PPC Mac OS X; fr-fr) AppleWebKit/125.5 (KHTML, like Gecko) Safari/125.9

domain:  www.google.ms
url https://www.google.ms/search?hl=pt-BR&q=site%3Amyshopify.com+Audio+Amplifier+Boards&num=100&btnG=Google+Search
count:  94
count:  194
count:  276
2020-02-22T10:21:49.537Z

 Has Finished:  7.19%

userAgent:  Mozilla/5.0 (X11; U; Linux i686; en-US) AppleWebKit/532.1 (KHTML, like Gecko) Chrome/4.0.212.0 Safari/532.1

domain:  www.google.com.ly
url https://www.google.com.ly/search?hl=pt-BR&q=site%3Amyshopify.com+TV+Sticks&num=100&btnG=Google+Search
count:  101
count:  200
count:  298
2020-02-22T10:26:38.858Z

 Has Finished:  7.91%

userAgent:  Mozilla/5.0 (Macintosh; U; PPC Mac OS X; en-us) AppleWebKit/312.5.1 (KHTML, like Gecko) Safari/312.3.1

domain:  www.google.com.sl
url https://www.google.com.sl/search?hl=pt-BR&q=site%3Amyshopify.com+Digital+Cameras&num=100&btnG=Google+Search
count:  99
count:  199
count:  299
2020-02-22T10:31:30.128Z

 Has Finished:  8.63%

userAgent:  Opera/9.51 (Macintosh; Intel Mac OS X; U; en)

domain:  www.google.co.bw
url https://www.google.co.bw/search?hl=pt-BR&q=site%3Amyshopify.com+Camcorders&num=100&btnG=Google+Search
count:  99
count:  199
count:  288
2020-02-22T10:36:19.214Z

 Has Finished:  9.35%

userAgent:  Opera/9.21 (X11; Linux i686; U; es-es)

domain:  www.google.ne
url https://www.google.ne/search?hl=pt-BR&q=site%3Amyshopify.com+Camera+Drones&num=100&btnG=Google+Search
count:  99
count:  199
count:  300
2020-02-22T10:41:27.301Z

 Has Finished:  10.07%

userAgent:  Mozilla/5.0 (X11; U; Linux i686; en-US) AppleWebKit/532.2 (KHTML, like Gecko) Chrome/4.0.222.5 Safari/532.2

domain:  www.google.com.tj
url https://www.google.com.tj/search?hl=pt-BR&q=site%3Amyshopify.com+Action+Cameras&num=100&btnG=Google+Search
count:  99
count:  199
count:  298
2020-02-22T10:46:29.033Z

 Has Finished:  10.79%

userAgent:  Mozilla/5.0 (Windows; U; Windows NT 6.1; en-US) AppleWebKit/531.4 (KHTML, like Gecko) Chrome/3.0.194.0 Safari/531.4

domain:  www.google.vg
url https://www.google.vg/search?hl=pt-BR&q=site%3Amyshopify.com+Photo+Studio+Supplies&num=100&btnG=Google+Search
count:  99
count:  168
2020-02-22T10:50:20.040Z

 Has Finished:  11.51%

userAgent:  Mozilla/5.0 (Windows NT 5.2) AppleWebKit/535.1 (KHTML, like Gecko) Chrome/14.0.792.0 Safari/535.1

domain:  www.google.ch
url https://www.google.ch/search?hl=pt-BR&q=site%3Amyshopify.com+Camera+%26+Photo+Accessories&num=100&btnG=Google+Search
count:  99
count:  199
count:  300
2020-02-22T10:55:09.075Z

 Has Finished:  12.23%

userAgent:  Mozilla/5.0 (X11; U; Linux x86_64; en-US; rv:1.9.0.8) Gecko/2009032600 SUSE/3.0.8-1.1 Firefox/3.0.8

domain:  www.google.it
url https://www.google.it/search?hl=pt-BR&q=site%3Amyshopify.com+Earphones+%26+Headphones&num=100&btnG=Google+Search
count:  99
count:  199
count:  299
2020-02-22T10:59:56.594Z

 Has Finished:  12.95%

userAgent:  Mozilla/5.0 (Windows NT 6.1; WOW64; rv:2.0b8pre) Gecko/20101114 Firefox/4.0b8pre

domain:  www.google.mu
url https://www.google.mu/search?hl=pt-BR&q=site%3Amyshopify.com+Speakers&num=100&btnG=Google+Search
count:  98
count:  195
count:  295
count:  336
2020-02-22T11:05:54.446Z

 Has Finished:  13.67%

userAgent:  Mozilla/5.0 (Windows; U; Windows NT 5.2; en-GB; rv:1.8.1.20) Gecko/20081217 Firefox/2.0.0.20

domain:  www.google.com.fj
url https://www.google.com.fj/search?hl=pt-BR&q=site%3Amyshopify.com+MP3+Players&num=100&btnG=Google+Search
count:  99
count:  199
count:  284
2020-02-22T11:10:44.724Z

 Has Finished:  14.39%

userAgent:  Mozilla/5.0 (Windows; U; Windows NT 6.0; ja-JP) AppleWebKit/533.20.25 (KHTML, like Gecko) Version/5.0.4 Safari/533.20.27

domain:  www.google.co.ug
url https://www.google.co.ug/search?hl=pt-BR&q=site%3Amyshopify.com+Microphones&num=100&btnG=Google+Search
count:  99
count:  199
count:  299
2020-02-22T11:15:40.756Z

 Has Finished:  15.11%

userAgent:  Mozilla/5.0 (Windows; U; Windows NT 5.1; zh-CN; rv:1.9.2.8) Gecko/20100722 Firefox/3.6.8

domain:  www.google.com.pe
url https://www.google.com.pe/search?hl=pt-BR&q=site%3Amyshopify.com+VR%2FAR+Devices&num=100&btnG=Google+Search
count:  99
count:  199
count:  270
2020-02-22T11:20:29.576Z

 Has Finished:  15.83%

userAgent:  Mozilla/5.0 (Windows; U; Windows NT 6.1; hu; rv:1.9.1.9) Gecko/20100315 Firefox/3.5.9 (.NET CLR 3.5.30729)

domain:  www.google.co.il
url https://www.google.co.il/search?hl=pt-BR&q=site%3Amyshopify.com+Wearable+Devices&num=100&btnG=Google+Search
count:  98
count:  197
count:  297
2020-02-22T11:25:19.853Z

 Has Finished:  16.55%

userAgent:  Mozilla/5.0 (X11; U; Linux i686; en-US; rv:1.7.6) Gecko/20050311 Firefox/1.0.1

domain:  www.google.fr
url https://www.google.fr/search?hl=pt-BR&q=site%3Amyshopify.com+Smart+Home+Appliances&num=100&btnG=Google+Search
count:  99
count:  199
count:  268
2020-02-22T11:30:12.325Z

 Has Finished:  17.27%

userAgent:  Opera/9.62 (X11; Linux x86_64; U; ru) Presto/2.1.1

domain:  www.google.co.ls
url https://www.google.co.ls/search?hl=pt-BR&q=site%3Amyshopify.com+Smart+Wearable+Accessories&num=100&btnG=Google+Search
count:  99
count:  199
count:  281
2020-02-22T11:35:04.525Z

 Has Finished:  17.99%

userAgent:  Mozilla/5.0 (X11; U; OpenBSD i386; en-US; rv:1.9.2.8) Gecko/20101230 Firefox/3.6.8

domain:  www.google.co.ke
url https://www.google.co.ke/search?hl=pt-BR&q=site%3Amyshopify.com+Smart+Remote+Controls&num=100&btnG=Google+Search
count:  99
count:  199
count:  277
2020-02-22T11:39:56.311Z

 Has Finished:  18.71%

userAgent:  Mozilla/5.0 (X11; U; Linux x86_64; en-GB; rv:1.9.0.1) Gecko/2008072820 Firefox/3.0.1 FirePHP/0.1.1.2

domain:  www.google.ee
url https://www.google.ee/search?hl=pt-BR&q=site%3Amyshopify.com+Smart+Watches&num=100&btnG=Google+Search
count:  99
count:  199
count:  298
2020-02-22T11:44:45.762Z

 Has Finished:  19.42%

userAgent:  Opera/9.01 (Macintosh; PPC Mac OS X; U; it)

domain:  www.google.com.sb
url https://www.google.com.sb/search?hl=pt-BR&q=site%3Amyshopify.com+Smart+Wristbands&num=100&btnG=Google+Search
count:  99
count:  199
count:  288
2020-02-22T11:49:35.077Z

 Has Finished:  20.14%

userAgent:  Mozilla/5.0 (X11; U; Linux x86_64; pl-PL; rv:1.8) Gecko/20051128 SUSE/1.5-0.1 Firefox/1.5.0.1

domain:  www.google.es
url https://www.google.es/search?hl=pt-BR&q=site%3Amyshopify.com+Handheld+Game+Players&num=100&btnG=Google+Search
count:  99
count:  199
count:  284
2020-02-22T11:54:36.223Z

 Has Finished:  20.86%

userAgent:  Mozilla/5.0 (X11; U; Linux i686; en-US; rv:1.9.1b3) Gecko/20090407 Firefox/3.1b3

domain:  www.google.com.bh
url https://www.google.com.bh/search?hl=pt-BR&q=site%3Amyshopify.com+Game+Controllers&num=100&btnG=Google+Search
count:  99
count:  199
count:  282
2020-02-22T11:59:22.420Z

 Has Finished:  21.58%

userAgent:  Mozilla/5.0 (iPhone; U; CPU iPhone OS 4_1 like Mac OS X; en-us) AppleWebKit/532.9 (KHTML, like Gecko) Version/4.0.5 Mobile/8B5097d Safari/6531.22.7

domain:  www.google.ca
url https://www.google.ca/search?hl=pt-BR&q=site%3Amyshopify.com+Joysticks&num=100&btnG=Google+Search
count:  144
count:  244
count:  322
2020-02-22T12:04:19.899Z

 Has Finished:  22.30%

userAgent:  Opera/9.52 (Windows NT 6.0; U; de)

domain:  www.google.fm
url https://www.google.fm/search?hl=pt-BR&q=site%3Amyshopify.com+Stickers&num=100&btnG=Google+Search
count:  99
count:  199
count:  299
count:  382
2020-02-22T12:10:47.664Z

 Has Finished:  23.02%

userAgent:  Mozilla/5.0 (Windows; U; Windows NT 5.2; nl) AppleWebKit/522.11.3 (KHTML, like Gecko) Version/3.0 Safari/522.11.3

domain:  www.google.sr
url https://www.google.sr/search?hl=pt-BR&q=site%3Amyshopify.com+Fabric+%26+Sewing+Supplies&num=100&btnG=Google+Search
count:  99
count:  199
count:  291
2020-02-22T12:15:44.087Z

 Has Finished:  23.74%

userAgent:  Mozilla/5.0 (X11; U; Linux x86_64; en-US; rv:1.9.2.12) Gecko/20101102 Firefox/3.6.12

domain:  www.google.ci
url https://www.google.ci/search?hl=pt-BR&q=site%3Amyshopify.com+Needle+Arts+%26+Craft&num=100&btnG=Google+Search
count:  99
count:  195
2020-02-22T12:19:19.022Z

 Has Finished:  24.46%

userAgent:  Mozilla/5.0 (X11; U; Linux i686; de; rv:1.9.1.8) Gecko/20100214 Ubuntu/9.10 (karmic) Firefox/3.5.8

domain:  www.google.com.uy
url https://www.google.com.uy/search?hl=pt-BR&q=site%3Amyshopify.com+Scrapbooking+%26+Stamps&num=100&btnG=Google+Search
count:  99
count:  199
count:  288
2020-02-22T12:24:16.778Z

 Has Finished:  25.18%

userAgent:  Mozilla/5.0 (Windows; U; Windows NT 5.1; cs; rv:1.9.2.4) Gecko/20100611 Firefox/3.6.4

domain:  www.google.com.bo
url https://www.google.com.bo/search?hl=pt-BR&q=site%3Amyshopify.com+5D+DIY+Diamond+Painting&num=100&btnG=Google+Search
count:  99
count:  199
count:  272
2020-02-22T12:29:02.834Z

 Has Finished:  25.90%

userAgent:  Opera/9.27 (Macintosh; Intel Mac OS X; U; sv)

domain:  www.google.by
url https://www.google.by/search?hl=pt-BR&q=site%3Amyshopify.com+Painting+%26+Calligraphy&num=100&btnG=Google+Search
count:  99
count:  199
count:  267
2020-02-22T12:33:55.307Z

 Has Finished:  26.62%

userAgent:  Mozilla/5.0 (X11; U; SunOS sun4u; en-US; rv:1.7.12) Gecko/20050922 Firefox/1.0.7

domain:  www.google.ms
url https://www.google.ms/search?hl=pt-BR&q=site%3Amyshopify.com+Wall+Stickers&num=100&btnG=Google+Search
count:  99
count:  199
count:  290
2020-02-22T12:38:57.911Z

 Has Finished:  27.34%

userAgent:  Mozilla/5.0 (Windows; U; Windows NT 5.1; en-US) AppleWebKit/534.3 (KHTML, like Gecko) Chrome/6.0.472.53 Safari/534.3

domain:  www.google.com.br
url https://www.google.com.br/search?hl=pt-BR&q=site%3Amyshopify.com+Figurines+%26+Miniatures&num=100&btnG=Google+Search
count:  99
count:  199
count:  291
2020-02-22T12:43:54.939Z

 Has Finished:  28.06%

userAgent:  Mozilla/5.0 (Windows; U; Windows NT 6.1; en-US; rv:1.9.1.16) Gecko/20101130 Firefox/3.5.16 FirePHP/0.4

domain:  www.google.bs
url https://www.google.bs/search?hl=pt-BR&q=site%3Amyshopify.com+Wall+Clocks&num=100&btnG=Google+Search
count:  98
count:  198
count:  298
count:  308
2020-02-22T12:49:53.411Z

 Has Finished:  28.78%

userAgent:  Mozilla/5.0 (X11; U; Linux i686; en-GB; rv:1.9.2.16) Gecko/20110319 Firefox/3.6.16

domain:  www.google.sk
url https://www.google.sk/search?hl=pt-BR&q=site%3Amyshopify.com+Cushions&num=100&btnG=Google+Search
count:  99
count:  199
count:  299
count:  351
2020-02-22T12:56:07.496Z

 Has Finished:  29.50%

userAgent:  Opera/9.23 (Mac OS X; ru)

domain:  www.google.com.ai
url https://www.google.com.ai/search?hl=pt-BR&q=site%3Amyshopify.com+Curtains&num=100&btnG=Google+Search
count:  99
count:  199
count:  242
2020-02-22T13:01:00.697Z

 Has Finished:  30.22%

userAgent:  Mozilla/5.0 (Macintosh; U; Intel Mac OS X 10_5_6; en-gb) AppleWebKit/528.10+ (KHTML, like Gecko) Version/4.0dp1 Safari/526.11.2

domain:  www.google.com.hk
url https://www.google.com.hk/search?hl=pt-BR&q=site%3Amyshopify.com+Bedding+Sets&num=100&btnG=Google+Search
count:  99
count:  199
count:  299
count:  323
2020-02-22T13:07:09.518Z

 Has Finished:  30.94%

userAgent:  Mozilla/5.0 (X11; U; Linux x86_64; pl-PL; rv:1.8.1.2pre) Gecko/20061023 SUSE/2.0.0.1-0.1 Firefox/2.0.0.2pre

domain:  www.google.dm
url https://www.google.dm/search?hl=pt-BR&q=site%3Amyshopify.com+Beach+Towels&num=100&btnG=Google+Search
count:  99
count:  199
count:  299
count:  313
2020-02-22T13:13:02.113Z

 Has Finished:  31.65%

userAgent:  Mozilla/5.0 (X11; U; Linux i686; en-US) AppleWebKit/532.4 (KHTML, like Gecko) Chrome/4.0.237.0 Safari/532.4 Debian

domain:  www.google.com.ag
url https://www.google.com.ag/search?hl=pt-BR&q=site%3Amyshopify.com+Events+%26+Parties&num=100&btnG=Google+Search
count:  99
count:  199
count:  299
count:  317
2020-02-22T13:19:08.069Z

 Has Finished:  32.37%

userAgent:  Mozilla/5.0 (X11; U; Linux x86_64; de; rv:1.9.0.7) Gecko/2009030620 Gentoo Firefox/3.0.7

domain:  www.google.iq
url https://www.google.iq/search?hl=pt-BR&q=site%3Amyshopify.com+Balloons&num=100&btnG=Google+Search
count:  99
count:  199
count:  299
count:  322
2020-02-22T13:25:00.992Z

 Has Finished:  33.09%

userAgent:  Mozilla/5.0 (Windows; U; Windows NT 5.1; it; rv:1.9.1b2) Gecko/20081201 Firefox/3.1b2

domain:  www.google.bj
url https://www.google.bj/search?hl=pt-BR&q=site%3Amyshopify.com+Artificial+%26+Dried+Flowers&num=100&btnG=Google+Search
count:  99
count:  199
count:  282
2020-02-22T13:29:43.881Z

 Has Finished:  33.81%

userAgent:  Mozilla/5.0 (Windows; U; Windows NT 5.1; en-US) AppleWebKit/532.1 (KHTML, like Gecko) Chrome/4.0.219.6 Safari/532.1

domain:  www.google.com.uy
url https://www.google.com.uy/search?hl=pt-BR&q=site%3Amyshopify.com+Gift+Bags+%26+Boxes&num=100&btnG=Google+Search
count:  99
count:  199
count:  293
2020-02-22T13:34:30.837Z

 Has Finished:  34.53%

userAgent:  Mozilla/5.0 (X11; U; Linux x86_64; ru; rv:1.9.0.14) Gecko/2009090217 Ubuntu/9.04 (jaunty) Firefox/3.0.14 (.NET CLR 3.5.30729)

domain:  www.google.com.et
url https://www.google.com.et/search?hl=pt-BR&q=site%3Amyshopify.com+Storage+Boxes+%26+Bins&num=100&btnG=Google+Search
count:  99
count:  199
count:  274
2020-02-22T13:39:26.486Z

 Has Finished:  35.25%

userAgent:  Mozilla/5.0 (Windows NT 6.2) AppleWebKit/536.3 (KHTML, like Gecko) Chrome/19.0.1061.1 Safari/536.3

domain:  www.google.com.ly
url https://www.google.com.ly/search?hl=pt-BR&q=site%3Amyshopify.com+Laundry+Baskets&num=100&btnG=Google+Search
count:  99
count:  199
count:  291
2020-02-22T13:44:25.440Z

 Has Finished:  35.97%

userAgent:  Mozilla/5.0 (Windows; U; Windows NT 5.1; en-US) AppleWebKit/525.19 (KHTML, like Gecko) Chrome/0.3.155.0 Safari/525.19

domain:  www.google.bi
url https://www.google.bi/search?hl=pt-BR&q=site%3Amyshopify.com+Drawer+Organizers&num=100&btnG=Google+Search
count:  99
count:  199
count:  291
2020-02-22T13:49:21.170Z

 Has Finished:  36.69%

userAgent:  Mozilla/5.0 (Windows; U; Windows NT 5.1; nl) AppleWebKit/522.12.1 (KHTML, like Gecko) Version/3.0.1 Safari/522.12.2

domain:  www.google.com.eg
url https://www.google.com.eg/search?hl=pt-BR&q=site%3Amyshopify.com+Makeup+Organizers&num=100&btnG=Google+Search
count:  99
count:  199
count:  294
2020-02-22T13:54:10.070Z

 Has Finished:  37.41%

userAgent:  Mozilla/5.0 (Windows; U; Windows NT 6.0; en-US; rv:1.9.1.6) Gecko/20091201 MRA 5.4 (build 02647) Firefox/3.5.6 (.NET CLR 3.5.30729)

domain:  www.google.bi
url https://www.google.bi/search?hl=pt-BR&q=site%3Amyshopify.com+Umbrellas&num=100&btnG=Google+Search
count:  99
count:  199
count:  299
2020-02-22T13:59:07.246Z

 Has Finished:  38.13%

userAgent:  Mozilla/5.0 (X11; U; Linux i686; en-US; rv:1.7.5) Gecko/20050221 Firefox/1.0

domain:  www.google.mk
url https://www.google.mk/search?hl=pt-BR&q=site%3Amyshopify.com+Bathroom+Scales&num=100&btnG=Google+Search
count:  99
count:  150
2020-02-22T14:02:46.442Z

 Has Finished:  38.85%

userAgent:  Mozilla/5.0 (Windows NT 6.2; rv:9.0.1) Gecko/20100101 Firefox/9.0.1

domain:  www.google.co.il
url https://www.google.co.il/search?hl=pt-BR&q=site%3Amyshopify.com+Sweepers+%26+Mops&num=100&btnG=Google+Search
count:  99
count:  199
count:  246
2020-02-22T14:07:28.799Z

 Has Finished:  39.57%

userAgent:  Mozilla/5.0 (Macintosh; U; Intel Mac OS X 10_5_8; en-US) AppleWebKit/532.0 (KHTML, like Gecko) Chrome/3.0.198 Safari/532.0

domain:  www.google.co.kr
url https://www.google.co.kr/search?hl=pt-BR&q=site%3Amyshopify.com+Dust+Covers&num=100&btnG=Google+Search
count:  99
count:  199
count:  296
2020-02-22T14:12:18.799Z

 Has Finished:  40.29%

userAgent:  Mozilla/5.0 (X11; U; Linux i686; en-US; rv:1.9pre) Gecko/2008040318 Firefox/3.0pre (Swiftfox)

domain:  www.google.com.pg
url https://www.google.com.pg/search?hl=pt-BR&q=site%3Amyshopify.com+Bakeware&num=100&btnG=Google+Search
count:  99
count:  199
count:  254
2020-02-22T14:17:12.231Z

 Has Finished:  41.01%

userAgent:  Mozilla/5.0 (Windows; U; Windows NT 6.1; en-US; rv:1.9.2b1) Gecko/20091014 Firefox/3.6b1 GTB5

domain:  www.google.be
url https://www.google.be/search?hl=pt-BR&q=site%3Amyshopify.com+Drinkware&num=100&btnG=Google+Search
count:  99
count:  199
count:  299
count:  330
2020-02-22T14:23:07.469Z

 Has Finished:  41.73%

userAgent:  Mozilla/5.0 (X11; U; Linux i686; en-GB; rv:1.7.6) Gecko/20050405 Firefox/1.0 (Ubuntu package 1.0.2)

domain:  www.google.by
url https://www.google.by/search?hl=pt-BR&q=site%3Amyshopify.com+Kitchen+Tools+%26+Gadgets&num=100&btnG=Google+Search
count:  99
count:  199
count:  276
2020-02-22T14:27:59.307Z

 Has Finished:  42.45%

userAgent:  Mozilla/5.0 (Windows; U; Windows NT 5.1; hu; rv:1.9.2.17) Gecko/20110420 Firefox/3.6.17 (.NET CLR 3.5.30729)

domain:  www.google.iq
url https://www.google.iq/search?hl=pt-BR&q=site%3Amyshopify.com+Kitchen+Knives+%26+Accessories&num=100&btnG=Google+Search
count:  99
count:  199
count:  300
count:  311
2020-02-22T14:34:01.820Z

 Has Finished:  43.17%

userAgent:  Opera/9.02 (Windows NT 5.1; U; pl)

domain:  www.google.co.id
url https://www.google.co.id/search?hl=pt-BR&q=site%3Amyshopify.com+Watering+%26+Irrigation+Kits&num=100&btnG=Google+Search
count:  99
count:  199
count:  289
2020-02-22T14:39:01.376Z

 Has Finished:  43.88%

userAgent:  Mozilla/5.0 (X11; U; Linux x86_64; en-US) AppleWebKit/532.0 (KHTML, like Gecko) Chrome/4.0.203.0 Safari/532.0

domain:  www.google.mg
url https://www.google.mg/search?hl=pt-BR&q=site%3Amyshopify.com+Flower+Pots+%26+Planters&num=100&btnG=Google+Search
count:  97
count:  197
count:  294
2020-02-22T14:44:07.509Z

 Has Finished:  44.60%

userAgent:  Mozilla/5.0 (Windows; U; Windows NT 5.1; en-US) AppleWebKit/525.13(KHTML, like Gecko) Chrome/0.2.149.27 Safari/525.13

domain:  www.google.mu
url https://www.google.mu/search?hl=pt-BR&q=site%3Amyshopify.com+Repellents&num=100&btnG=Google+Search
count:  99
count:  199
count:  295
2020-02-22T14:49:05.175Z

 Has Finished:  45.32%

userAgent:  Mozilla/5.0 (Windows; U; Windows NT 5.1; es-ES) AppleWebKit/525.13 (KHTML, like Gecko) Version/3.1 Safari/525.13

domain:  www.google.li
url https://www.google.li/search?hl=pt-BR&q=site%3Amyshopify.com+Garden+Water+Timers&num=100&btnG=Google+Search
count:  99
count:  199
count:  291
2020-02-22T14:54:03.028Z

 Has Finished:  46.04%

userAgent:  Mozilla/5.0 (Windows; U; Windows NT 5.2; de-DE) AppleWebKit/528+ (KHTML, like Gecko) Version/3.2.2 Safari/525.28.1

domain:  www.google.com.kw
url https://www.google.com.kw/search?hl=pt-BR&q=site%3Amyshopify.com+Home+Furniture&num=100&btnG=Google+Search
count:  99
count:  199
count:  299
count:  378
2020-02-22T15:00:01.307Z

 Has Finished:  46.76%

userAgent:  Mozilla/5.0 (X11; U; Linux i686; en-US) AppleWebKit/534.12 (KHTML, like Gecko) Chrome/9.0.579.0 Safari/534.12

domain:  www.google.bj
url https://www.google.bj/search?hl=pt-BR&q=site%3Amyshopify.com+Office+Furniture&num=100&btnG=Google+Search
count:  99
count:  199
count:  299
count:  342
2020-02-22T15:06:01.013Z

 Has Finished:  47.48%

userAgent:  Mozilla/5.0 (X11; U; Linux x86_64; de; rv:1.9.2.10) Gecko/20100922 Ubuntu/10.10 (maverick) Firefox/3.6.10 GTB7.1

domain:  www.google.com.gi
url https://www.google.com.gi/search?hl=pt-BR&q=site%3Amyshopify.com+Outdoor+Furniture&num=100&btnG=Google+Search
count:  99
count:  199
count:  299
count:  338
2020-02-22T15:12:01.905Z

 Has Finished:  48.20%

userAgent:  Mozilla/5.0 (Windows; U; Windows NT 5.1; en-US) AppleWebKit/525.19 (KHTML, like Gecko) Chrome/0.4.154.18 Safari/525.19

domain:  www.google.com.lb
url https://www.google.com.lb/search?hl=pt-BR&q=site%3Amyshopify.com+Top+Furniture+Stores&num=100&btnG=Google+Search
count:  99
count:  199
count:  299
count:  335
2020-02-22T15:18:17.133Z

 Has Finished:  48.92%

userAgent:  Mozilla/5.0 (X11; U; Linux AMD64; en-US; rv:1.9.2.3) Gecko/20100403 Ubuntu/10.10 (maverick) Firefox/3.6.3

domain:  www.google.com.sa
url https://www.google.com.sa/search?hl=pt-BR&q=site%3Amyshopify.com+Bikini+Sets&num=100&btnG=Google+Search
count:  99
count:  199
count:  299
2020-02-22T15:23:12.536Z

 Has Finished:  49.64%

userAgent:  Mozilla/5.0 (Macintosh; U; PPC Mac OS X; en-gb) AppleWebKit/85.8.5 (KHTML, like Gecko) Safari/85.8.1

domain:  www.google.nu
url https://www.google.nu/search?hl=pt-BR&q=site%3Amyshopify.com+One-Piece+Suits&num=100&btnG=Google+Search
count:  99
count:  199
count:  299
count:  338
2020-02-22T15:29:14.596Z

 Has Finished:  50.36%

userAgent:  Mozilla/5.0 (X11; U; Linux i686; en-GB; rv:1.8.1.8) Gecko/20071008 Ubuntu/7.10 (gutsy) Firefox/2.0.0.8

domain:  www.google.ad
url https://www.google.ad/search?hl=pt-BR&q=site%3Amyshopify.com+Two-Piece+Suits&num=100&btnG=Google+Search
count:  99
count:  199
count:  299
count:  321
2020-02-22T15:35:20.674Z

 Has Finished:  51.08%

userAgent:  Mozilla/5.0 (X11; U; Linux i686; en-US; rv:1.8.1.5) Gecko/20070728 Firefox/2.0.0.5

domain:  www.google.co.ck
url https://www.google.co.ck/search?hl=pt-BR&q=site%3Amyshopify.com+Cover-Ups&num=100&btnG=Google+Search
count:  99
count:  199
count:  299
count:  339
2020-02-22T15:41:16.812Z

 Has Finished:  51.80%

userAgent:  Mozilla/5.0 (X11; U; Linux x86_64; da-DK; rv:1.9.0.10) Gecko/2009042523 Ubuntu/9.04 (jaunty) Firefox/3.0.10

domain:  www.google.al
url https://www.google.al/search?hl=pt-BR&q=site%3Amyshopify.com+Men's+Swimwear&num=100&btnG=Google+Search
count:  99
count:  199
count:  299
count:  317
2020-02-22T15:47:17.404Z

 Has Finished:  52.52%

userAgent:  Opera/9.62 (X11; Linux i686; U; fi) Presto/2.1.1

domain:  www.google.co.in
url https://www.google.co.in/search?hl=pt-BR&q=site%3Amyshopify.com+Children's+Swimwear&num=100&btnG=Google+Search
count:  99
count:  199
count:  293
2020-02-22T15:52:10.073Z

 Has Finished:  53.24%

userAgent:  Mozilla/5.0 (Windows; U; Windows NT 6.0; en-GB; rv:1.9.1.1) Gecko/20090715 Firefox/3.5.1 GTB5 (.NET CLR 3.5.30729)

domain:  www.google.kz
url https://www.google.kz/search?hl=pt-BR&q=site%3Amyshopify.com+Bicycles&num=100&btnG=Google+Search
count:  100
count:  200
count:  300
2020-02-22T15:57:04.339Z

 Has Finished:  53.96%

userAgent:  Mozilla/5.0 (X11; U; Linux i686; en-US; rv:1.9.0.5) Gecko/2008121718 Gentoo Firefox/3.0.5

domain:  www.google.co.tz
url https://www.google.co.tz/search?hl=pt-BR&q=site%3Amyshopify.com+Bicycle+Frames&num=100&btnG=Google+Search
count:  99
count:  199
count:  299
2020-02-22T16:01:56.442Z

 Has Finished:  54.68%

userAgent:  Mozilla/5.0 (Macintosh; U; Intel Mac OS X; fr-fr) AppleWebKit/523.10.3 (KHTML, like Gecko) Version/3.0.4 Safari/523.10

domain:  www.google.ca
url https://www.google.ca/search?hl=pt-BR&q=site%3Amyshopify.com+Bicycle+Lights&num=100&btnG=Google+Search
count:  99
count:  199
count:  283
2020-02-22T16:06:57.021Z

 Has Finished:  55.40%

userAgent:  Mozilla/5.0 (X11; U; Linux i686; en-US; rv:1.8.1.14) Gecko/20080525 Firefox/2.0.0.14

domain:  www.google.bj
url https://www.google.bj/search?hl=pt-BR&q=site%3Amyshopify.com+Bicycle+Helmets&num=100&btnG=Google+Search
count:  99
count:  199
count:  287
2020-02-22T16:11:40.364Z

 Has Finished:  56.12%

userAgent:  Mozilla/5.0 (X11; U; Linux i686 (x86_64); de; rv:1.8.0.6) Gecko/20060728 Firefox/1.5.0.6

domain:  www.google.com.om
url https://www.google.com.om/search?hl=pt-BR&q=site%3Amyshopify.com+Cycling+Jerseys&num=100&btnG=Google+Search
count:  99
count:  199
count:  284
2020-02-22T16:16:37.724Z

 Has Finished:  56.83%

userAgent:  Mozilla/5.0 (Windows NT 6.2; WOW64) AppleWebKit/537.13 (KHTML, like Gecko) Chrome/24.0.1290.1 Safari/537.13

domain:  www.google.co.ck
url https://www.google.co.ck/search?hl=pt-BR&q=site%3Amyshopify.com+Cycling+Eyewear&num=100&btnG=Google+Search
count:  99
count:  199
count:  297
2020-02-22T16:21:26.345Z

 Has Finished:  57.55%

userAgent:  Mozilla/4.0 (compatible; MSIE 5.50; Windows NT; SiteKiosk 4.8; SiteCoach 1.0)

domain:  www.google.com.ai
url https://www.google.com.ai/search?hl=pt-BR&q=site%3Amyshopify.com+Running+Shoes&num=100&btnG=Google+Search
count:  99
count:  199
count:  299
count:  331
2020-02-22T16:27:24.523Z

 Has Finished:  58.27%

userAgent:  Mozilla/5.0 (compatible; MSIE 8.0; Windows NT 5.1; Trident/4.0; .NET CLR 1.1.4322; .NET CLR 2.0.50727)

domain:  www.google.mu
url https://www.google.mu/search?hl=pt-BR&q=site%3Amyshopify.com+Hiking+Shoes&num=100&btnG=Google+Search
count:  99
count:  199
count:  299
count:  309
2020-02-22T16:33:23.129Z

 Has Finished:  58.99%

userAgent:  Mozilla/5.0 (Windows; U; Windows NT 6.1; en-US) AppleWebKit/532.0 (KHTML, like Gecko) Chrome/3.0.197.0 Safari/532.0

domain:  www.google.co.ao
url https://www.google.co.ao/search?hl=pt-BR&q=site%3Amyshopify.com+Soccer+Shoes&num=100&btnG=Google+Search
count:  99
count:  199
count:  287
2020-02-22T16:38:11.529Z

 Has Finished:  59.71%

userAgent:  Mozilla/5.0 (Macintosh; U; Intel Mac OS X; en) AppleWebKit/521.32.1 (KHTML, like Gecko) Safari/521.32.1

domain:  www.google.com.pr
url https://www.google.com.pr/search?hl=pt-BR&q=site%3Amyshopify.com+Skateboarding+Shoes&num=100&btnG=Google+Search
count:  99
count:  199
count:  293
2020-02-22T16:42:52.606Z

 Has Finished:  60.43%

userAgent:  Mozilla/5.0 (Macintosh; U; PPC Mac OS X; fr) AppleWebKit/85.8.5 (KHTML, like Gecko) Safari/85.8.1

domain:  www.google.by
url https://www.google.by/search?hl=pt-BR&q=site%3Amyshopify.com+Dance+Shoes&num=100&btnG=Google+Search
count:  99
count:  199
count:  299
2020-02-22T16:47:49.510Z

 Has Finished:  61.15%

userAgent:  Mozilla/5.0 (Windows; U; Windows NT 6.0; pl; rv:1.9.2) Gecko/20100115 Firefox/3.6 ( .NET CLR 3.5.30729)

domain:  www.google.com.ec
url https://www.google.com.ec/search?hl=pt-BR&q=site%3Amyshopify.com+Basketball+Shoes&num=100&btnG=Google+Search
count:  97
count:  195
count:  291
2020-02-22T16:52:40.732Z

 Has Finished:  61.87%

userAgent:  Mozilla/5.0 (Macintosh; U; PPC Mac OS X; de-de) AppleWebKit/125.5.7 (KHTML, like Gecko) Safari/125.12

domain:  www.google.lt
url https://www.google.lt/search?hl=pt-BR&q=site%3Amyshopify.com+Fishing+Reels&num=100&btnG=Google+Search
count:  99
count:  199
count:  299
2020-02-22T16:57:27.168Z

 Has Finished:  62.59%

userAgent:  Mozilla/5.0 (X11; U; Linux i686; en-US; rv:1.8.1.1) Gecko/20061208 Firefox/2.0.0.1

domain:  www.google.mk
url https://www.google.mk/search?hl=pt-BR&q=site%3Amyshopify.com+Fishing+Lures&num=100&btnG=Google+Search
count:  98
count:  198
count:  295
2020-02-22T17:02:22.960Z

 Has Finished:  63.31%

userAgent:  Mozilla/5.0 (Windows NT 6.1) AppleWebKit/534.24 (KHTML, like Gecko) Chrome/11.0.699.0 Safari/534.24

domain:  www.google.am
url https://www.google.am/search?hl=pt-BR&q=site%3Amyshopify.com+Fishing+Lines&num=100&btnG=Google+Search
count:  99
count:  199
count:  300
2020-02-22T17:07:20.765Z

 Has Finished:  64.03%

userAgent:  Mozilla/5.0 (X11; U; Linux i686; de; rv:1.9.2.13) Gecko/20101209 CentOS/3.6-2.el5.centos Firefox/3.6.13

domain:  www.google.ki
url https://www.google.ki/search?hl=pt-BR&q=site%3Amyshopify.com+Fishing+Rods&num=100&btnG=Google+Search
count:  99
count:  199
count:  295
2020-02-22T17:12:14.255Z

 Has Finished:  64.75%

userAgent:  Mozilla/5.0 (Windows; U; Windows NT 5.1; it; rv:1.9.1b2) Gecko/20081201 Firefox/3.1b2

domain:  www.google.com.kw
url https://www.google.com.kw/search?hl=pt-BR&q=site%3Amyshopify.com+Rod+Combos&num=100&btnG=Google+Search
count:  99
count:  199
count:  298
2020-02-22T17:17:14.699Z

 Has Finished:  65.47%

userAgent:  Mozilla/5.0 (Windows; U; Windows NT 5.1; zh-TW; rv:1.9.2.4) Gecko/20100611 Firefox/3.6.4 GTB7.0 (.NET CLR 3.5.30729)

domain:  www.google.rs
url https://www.google.rs/search?hl=pt-BR&q=site%3Amyshopify.com+Fishing+Tackle+Boxes&num=100&btnG=Google+Search
count:  99
count:  199
count:  294
2020-02-22T17:22:07.682Z

 Has Finished:  66.19%

userAgent:  Mozilla/5.0 (X11; U; Linux x86_64; en-US; rv:1.9) Gecko/2008062315 (Gentoo) Firefox/3.0

domain:  www.google.cat
url https://www.google.cat/search?hl=pt-BR&q=site%3Amyshopify.com+Jerseys&num=100&btnG=Google+Search
count:  99
count:  199
count:  299
count:  347
2020-02-22T17:28:14.727Z

 Has Finished:  66.91%

userAgent:  Mozilla/5.0 (Macintosh; U; Intel Mac OS X 10_6_3; es-es) AppleWebKit/531.22.7 (KHTML, like Gecko)

domain:  www.google.com.kh
url https://www.google.com.kh/search?hl=pt-BR&q=site%3Amyshopify.com+Hiking+Jackets&num=100&btnG=Google+Search
count:  99
count:  198
count:  293
2020-02-22T17:33:19.711Z

 Has Finished:  67.63%

userAgent:  Mozilla/5.0 (Windows NT 6.1; Win64; x64; rv:16.0.1) Gecko/20121011 Firefox/21.0.1

domain:  www.google.gg
url https://www.google.gg/search?hl=pt-BR&q=site%3Amyshopify.com+Pants&num=100&btnG=Google+Search
count:  99
count:  199
count:  299
count:  390
2020-02-22T17:39:16.786Z

 Has Finished:  68.35%

userAgent:  Mozilla/5.0 (Windows; U; Windows NT 6.0 (x86_64); de-DE) AppleWebKit/532.0 (KHTML, like Gecko) Chrome/4.0.202.2 Safari/532.0

domain:  www.google.kg
url https://www.google.kg/search?hl=pt-BR&q=site%3Amyshopify.com+Shorts&num=100&btnG=Google+Search
count:  99
count:  199
count:  299
count:  398
2020-02-22T17:45:27.368Z

 Has Finished:  69.06%

userAgent:  Mozilla/5.0 (X11; U; Linux i686; de-DE; rv:1.9.2.8) Gecko/20100725 Gentoo Firefox/3.6.8

domain:  www.google.co.tz
url https://www.google.co.tz/search?hl=pt-BR&q=site%3Amyshopify.com+Sports+Bags&num=100&btnG=Google+Search
count:  99
count:  199
count:  299
count:  355
2020-02-22T17:51:24.005Z

 Has Finished:  69.78%

userAgent:  Mozilla/5.0 (Windows; U; Windows NT 5.1; ja; rv:1.9.0.14) Gecko/2009082707 Firefox/3.0.14 (.NET CLR 3.5.30729)

domain:  www.google.mg
url https://www.google.mg/search?hl=pt-BR&q=site%3Amyshopify.com+Sports+Accessories&num=100&btnG=Google+Search
count:  99
count:  199
count:  299
count:  370
2020-02-22T17:57:29.728Z

 Has Finished:  70.50%

userAgent:  Mozilla/5.0 (X11; U; Linux i686; fr; rv:1.8.0.10) Gecko/20070223 Fedora/1.5.0.10-1.fc5 Firefox/1.5.0.10 pango-text

domain:  www.google.bs
url https://www.google.bs/search?hl=pt-BR&q=site%3Amyshopify.com+Camping+%26+Hiking&num=100&btnG=Google+Search
count:  98
count:  198
count:  295
2020-02-22T18:02:24.906Z

 Has Finished:  71.22%

userAgent:  Mozilla/5.0 (Windows; U; Windows NT 5.1; hu; rv:1.9.1.11) Gecko/20100701 Firefox/3.5.11

domain:  www.google.mg
url https://www.google.mg/search?hl=pt-BR&q=site%3Amyshopify.com+Hunting&num=100&btnG=Google+Search
count:  99
count:  199
count:  299
count:  351
2020-02-22T18:08:22.993Z

 Has Finished:  71.94%

userAgent:  Mozilla/5.0 (X11; U; Linux x86_64; en-US; rv:1.9) Gecko/2008062908 Firefox/3.0 (Debian-3.0~rc2-2)

domain:  www.google.com.lb
url https://www.google.com.lb/search?hl=pt-BR&q=site%3Amyshopify.com+Golf&num=100&btnG=Google+Search
count:  100
count:  199
count:  300
count:  342
2020-02-22T18:14:29.929Z

 Has Finished:  72.66%

userAgent:  Opera/9.50 (X11; Linux x86_64; U; pl)

domain:  www.google.ms
url https://www.google.ms/search?hl=pt-BR&q=site%3Amyshopify.com+Fitness+%26+Bodybuilding&num=100&btnG=Google+Search
count:  99
count:  200
count:  232
2020-02-22T18:19:20.119Z

 Has Finished:  73.38%

userAgent:  Mozilla/5.0 (X11; U; Linux i686; en-US; rv:1.9.0.6) Gecko/2009012700 SUSE/3.0.6-0.1 Firefox/3.0.6

domain:  www.google.bg
url https://www.google.bg/search?hl=pt-BR&q=site%3Amyshopify.com+Skiing+%26+Snowboarding&num=100&btnG=Google+Search
count:  99
count:  199
count:  297
2020-02-22T18:24:15.352Z

 Has Finished:  74.10%

userAgent:  Mozilla/5.0 (Windows; U; Windows NT 5.1; en-US) AppleWebKit/532.0 (KHTML, like Gecko) Chrome/4.0.209.0 Safari/532.0

domain:  www.google.gm
url https://www.google.gm/search?hl=pt-BR&q=site%3Amyshopify.com+Musical+Instruments&num=100&btnG=Google+Search
count:  99
count:  199
count:  299
2020-02-22T18:29:14.887Z

 Has Finished:  74.82%

userAgent:  Mozilla/4.0 (compatible; MSIE 6.0; X11; Linux x86_64; en) Opera 9.50

domain:  www.google.com.nf
url https://www.google.com.nf/search?hl=pt-BR&q=site%3Amyshopify.com+Bundles+With+Closure&num=100&btnG=Google+Search
count:  99
count:  200
count:  300
2020-02-22T18:34:06.824Z

 Has Finished:  75.54%

userAgent:  Mozilla/5.0 (X11; U; Linux i686; fr; rv:1.9.0.2) Gecko/2008092313 Ubuntu/8.04 (hardy) Firefox/3.0.2

domain:  www.google.tn
url https://www.google.tn/search?hl=pt-BR&q=site%3Amyshopify.com+3%2F4+Bundles&num=100&btnG=Google+Search
count:  99
count:  199
count:  294
2020-02-22T18:38:52.057Z

 Has Finished:  76.26%

userAgent:  Mozilla/5.0 (X11; U; Linux x86_64; pl-PL; rv:1.9.0.1) Gecko/2008071222 Ubuntu (hardy) Firefox/3.0.1

domain:  www.google.com.hk
url https://www.google.com.hk/search?hl=pt-BR&q=site%3Amyshopify.com+Pre-Colored+Weaves&num=100&btnG=Google+Search
count:  99
count:  199
count:  261
2020-02-22T18:43:55.384Z

 Has Finished:  76.98%

userAgent:  Mozilla/5.0 (Windows NT 5.1) AppleWebKit/535.1 (KHTML, like Gecko) Chrome/14.0.815.0 Safari/535.1

domain:  www.google.ae
url https://www.google.ae/search?hl=pt-BR&q=site%3Amyshopify.com+Closures&num=100&btnG=Google+Search
count:  99
count:  199
count:  298
2020-02-22T18:48:58.958Z

 Has Finished:  77.70%

userAgent:  Mozilla/5.0 (Windows; U; Windows NT 5.2; en-US) AppleWebKit/533.4 (KHTML, like Gecko) Chrome/5.0.375.99 Safari/533.4

domain:  www.google.mv
url https://www.google.mv/search?hl=pt-BR&q=site%3Amyshopify.com+Lace+Front+Wigs&num=100&btnG=Google+Search
count:  99

allCateCount:  139

 Has Finished:  77.70%

userAgent:  Mozilla/5.0 (X11; U; Linux i686 (x86_64); de; rv:1.9.1) Gecko/20090624 Firefox/3.5

domain:  www.google.co.uz
url https://www.google.co.uz/search?hl=pt-BR&q=site%3Amyshopify.com+Lace+Front+Wigs&num=100&btnG=Google+Search

allCateCount:  139

 Has Finished:  77.70%

userAgent:  Mozilla/5.0 (Macintosh; U; Intel Mac OS X 10_6_2; en-US) AppleWebKit/533.4 (KHTML, like Gecko) Chrome/5.0.375.70 Safari/533.4

domain:  www.google.mn
url https://www.google.mn/search?hl=pt-BR&q=site%3Amyshopify.com+Lace+Front+Wigs&num=100&btnG=Google+Search
count:  99
count:  199
count:  299
2020-02-22T21:53:07.255Z

 Has Finished:  78.42%

userAgent:  Mozilla/5.0 (X11; U; Linux i686; en-US; rv:1.8.0.4) Gecko/20060613 Firefox/1.5.0.4

domain:  www.google.com.sg
url https://www.google.com.sg/search?hl=pt-BR&q=site%3Amyshopify.com+Full+Lace+Wigs&num=100&btnG=Google+Search
count:  99
count:  199
count:  299
2020-02-22T21:58:11.699Z

 Has Finished:  79.14%

userAgent:  Mozilla/5.0 (Macintosh; U; PPC Mac OS X 10_4_11; hu-hu) AppleWebKit/531.21.8 (KHTML, like Gecko) Version/4.0.4 Safari/531.21.10

domain:  www.google.com.ly
url https://www.google.com.ly/search?hl=pt-BR&q=site%3Amyshopify.com+360+Lace+Wigs&num=100&btnG=Google+Search
count:  100
count:  200
count:  297
2020-02-22T22:02:58.029Z

 Has Finished:  79.86%

userAgent:  Mozilla/5.0 (Windows; U; Windows NT 5.1; ko; rv:1.9.2.4) Gecko/20100523 Firefox/3.6.4

domain:  www.google.com.ly
url https://www.google.com.ly/search?hl=pt-BR&q=site%3Amyshopify.com+250%25+Density+Lace+Wigs&num=100&btnG=Google+Search
count:  101
count:  201
count:  238
2020-02-22T22:07:50.447Z

 Has Finished:  80.58%

userAgent:  Opera/9.22 (Windows NT 6.0; U; ru)

domain:  www.google.lt
url https://www.google.lt/search?hl=pt-BR&q=site%3Amyshopify.com+Synthetic+Lace+Wigs&num=100&btnG=Google+Search
count:  103
count:  203
count:  303
2020-02-22T22:12:39.183Z

 Has Finished:  81.29%

userAgent:  Mozilla/5.0 (X11; U; SunOS i86pc; en-US; rv:1.8.1) Gecko/20061211 Firefox/2.0

domain:  www.google.com
url https://www.google.com/search?hl=pt-BR&q=site%3Amyshopify.com+Synthetic+Weaves&num=100&btnG=Google+Search
count:  99
count:  199
count:  284
2020-02-22T22:17:35.049Z

 Has Finished:  82.01%

userAgent:  Mozilla/5.0 (Macintosh; U; Intel Mac OS X 10_6_1; en-US) AppleWebKit/532.2 (KHTML, like Gecko) Chrome/4.0.222.4 Safari/532.2

domain:  www.google.as
url https://www.google.as/search?hl=pt-BR&q=site%3Amyshopify.com+Hair+Braids&num=100&btnG=Google+Search
count:  100
count:  200
count:  276
2020-02-22T22:22:29.910Z

 Has Finished:  82.73%

userAgent:  Mozilla/5.0 (X11; U; Linux i686; en-US; rv:1.8.1.4) Gecko/20070515 Firefox/2.0.0.4 (Kubuntu)

domain:  www.google.nr
url https://www.google.nr/search?hl=pt-BR&q=site%3Amyshopify.com+Synthetic+Extensions&num=100&btnG=Google+Search
count:  99
count:  199
count:  284
2020-02-22T22:27:16.082Z

 Has Finished:  83.45%

userAgent:  Mozilla/5.0 (Macintosh; U; PPC Mac OS X 10_5_8; ja-jp) AppleWebKit/533.19.4 (KHTML, like Gecko) Version/3.2.1 Safari/525.27.1

domain:  www.google.co.nz
url https://www.google.co.nz/search?hl=pt-BR&q=site%3Amyshopify.com+Eyes&num=100&btnG=Google+Search
count:  99
count:  199
count:  299
count:  393
2020-02-22T22:33:09.960Z

 Has Finished:  84.17%

userAgent:  Mozilla/5.0 (X11; U; Linux x86_64; en-US; rv:1.9.1.1) Gecko/20090716 Firefox/3.5.1

domain:  www.google.vu
url https://www.google.vu/search?hl=pt-BR&q=site%3Amyshopify.com+Lips&num=100&btnG=Google+Search
count:  99
count:  199
count:  299
count:  369
2020-02-22T22:39:13.377Z

 Has Finished:  84.89%

userAgent:  Mozilla/5.0 (X11; U; Linux i686; en-GB; rv:2.0) Gecko/20110404 Fedora/16-dev Firefox/4.0

domain:  www.google.com.cu
url https://www.google.com.cu/search?hl=pt-BR&q=site%3Amyshopify.com+Face&num=100&btnG=Google+Search
count:  100
count:  200
count:  300
count:  395
2020-02-22T22:45:08.986Z

 Has Finished:  85.61%

userAgent:  Opera/9.21 (Windows NT 5.0; U; de)

domain:  www.google.lk
url https://www.google.lk/search?hl=pt-BR&q=site%3Amyshopify.com+Makeup+Tools&num=100&btnG=Google+Search
count:  99
count:  199
count:  299
count:  310
2020-02-22T22:51:08.312Z

 Has Finished:  86.33%

userAgent:  Opera/9.20 (X11; Linux x86_64; U; en)

domain:  www.google.com.mt
url https://www.google.com.mt/search?hl=pt-BR&q=site%3Amyshopify.com+Massage+%26+Relaxation&num=100&btnG=Google+Search
count:  99
count:  199
count:  299
2020-02-22T22:56:01.851Z

 Has Finished:  87.05%

userAgent:  Mozilla/5.0 (Windows NT 6.1; rv:21.0) Gecko/20130328 Firefox/21.0

domain:  www.google.com.kw
url https://www.google.com.kw/search?hl=pt-BR&q=site%3Amyshopify.com+Household+Health+Monitors&num=100&btnG=Google+Search
count:  99
count:  168
2020-02-22T22:59:53.969Z

 Has Finished:  87.77%

userAgent:  Mozilla/5.0 (Windows; U; Windows NT 6.0; sv-SE) AppleWebKit/523.13 (KHTML, like Gecko) Version/3.0 Safari/523.13

domain:  www.google.co.ve
url https://www.google.co.ve/search?hl=pt-BR&q=site%3Amyshopify.com+Chinese+Medicine&num=100&btnG=Google+Search
count:  99
count:  199
count:  268
2020-02-22T23:04:35.727Z

 Has Finished:  88.49%

userAgent:  Mozilla/5.0 (Windows; U; Windows NT 5.1; en-US) AppleWebKit/533.8 (KHTML, like Gecko) Chrome/6.0.397.0 Safari/533.8

domain:  www.google.com.bh
url https://www.google.com.bh/search?hl=pt-BR&q=site%3Amyshopify.com+Personal+Health+Care+Items&num=100&btnG=Google+Search
count:  99
count:  199
count:  258
2020-02-22T23:09:25.657Z

 Has Finished:  89.21%

userAgent:  Mozilla/5.0 (Windows; U; Windows NT 5.2; zh-TW; rv:1.9.2.8) Gecko/20100722 Firefox/3.6.8

domain:  www.google.cv
url https://www.google.cv/search?hl=pt-BR&q=site%3Amyshopify.com+Face&num=100&btnG=Google+Search
count:  100
count:  200
count:  300
count:  396
2020-02-22T23:15:31.039Z

 Has Finished:  89.93%

userAgent:  Mozilla/5.0 (Windows; U; Windows NT 5.2; pt-BR) AppleWebKit/525.19 (KHTML, like Gecko) Version/3.1.2 Safari/525.21

domain:  www.google.co.ke
url https://www.google.co.ke/search?hl=pt-BR&q=site%3Amyshopify.com+Eyes&num=100&btnG=Google+Search
count:  99
count:  199
count:  299
count:  397
2020-02-22T23:21:25.966Z

 Has Finished:  90.65%

userAgent:  Mozilla/5.0 (Windows; U; Windows NT 6.1; en-US) AppleWebKit/532.0 (KHTML, like Gecko) Chrome/3.0.196.2 Safari/532.0

domain:  www.google.ch
url https://www.google.ch/search?hl=pt-BR&q=site%3Amyshopify.com+Body&num=100&btnG=Google+Search
count:  99
count:  199
count:  299
count:  389
2020-02-22T23:27:26.075Z

 Has Finished:  91.37%

userAgent:  Mozilla/5.0 (Windows; U; Windows NT 6.0; en-US) AppleWebKit/532.0 (KHTML, like Gecko) Chrome/3.0.195.10 Safari/532.0

domain:  www.google.dz
url https://www.google.dz/search?hl=pt-BR&q=site%3Amyshopify.com+Skin+Care+Tools&num=100&btnG=Google+Search
count:  99
count:  199
count:  299
count:  330
2020-02-22T23:33:17.146Z

 Has Finished:  92.09%

userAgent:  Mozilla/5.0 (Windows; U; Windows NT 6.0; en-US) AppleWebKit/530.5 (KHTML, like Gecko) Chrome/2.0.172.39 Safari/530.5

domain:  www.google.al
url https://www.google.al/search?hl=pt-BR&q=site%3Amyshopify.com+Gel+Nail+Polish&num=100&btnG=Google+Search
count:  100
count:  200
count:  293
2020-02-22T23:38:09.519Z

 Has Finished:  92.81%

userAgent:  Mozilla/5.0 (X11; U; Linux i686; en-US; rv:1.9.0.17) Gecko/2010010604 Ubuntu/9.04 (jaunty) Firefox/3.0.17 FirePHP/0.4

domain:  www.google.tn
url https://www.google.tn/search?hl=pt-BR&q=site%3Amyshopify.com+Nail+Drills&num=100&btnG=Google+Search
count:  99
count:  199
count:  289
2020-02-22T23:43:20.442Z

 Has Finished:  93.53%

userAgent:  Mozilla/5.0 (Windows; U; Windows NT 6.1; uk; rv:1.9.1.5) Gecko/20091102 Firefox/3.5.5

domain:  www.google.nl
url https://www.google.nl/search?hl=pt-BR&q=site%3Amyshopify.com+Nail+Dryers&num=100&btnG=Google+Search
count:  99
count:  199
count:  289
2020-02-22T23:48:18.177Z

 Has Finished:  94.24%

userAgent:  Mozilla/5.0 (Windows NT 6.0; rv:14.0) Gecko/20100101 Firefox/14.0.1

domain:  www.google.sc
url https://www.google.sc/search?hl=pt-BR&q=site%3Amyshopify.com+Nail+Glitter&num=100&btnG=Google+Search
count:  99
count:  199
2020-02-22T23:52:02.923Z

 Has Finished:  94.96%

userAgent:  Mozilla/5.0 (Windows NT 5.1; rv:21.0) Gecko/20100101 Firefox/21.0

domain:  www.google.com.gt
url https://www.google.com.gt/search?hl=pt-BR&q=site%3Amyshopify.com+Hair+Care+%26+Styling&num=100&btnG=Google+Search
count:  99
count:  199
count:  300
count:  313
2020-02-22T23:58:02.656Z

 Has Finished:  95.68%

userAgent:  Mozilla/5.0 (Macintosh; U; Intel Mac OS X 10_5_8; en-us) AppleWebKit/531.21.8 (KHTML, like Gecko) Version/4.0.3 Safari/531.21.10

domain:  www.google.tl
url https://www.google.tl/search?hl=pt-BR&q=site%3Amyshopify.com+Shaving+%26+Hair+Removal&num=100&btnG=Google+Search
count:  99
count:  199
count:  293
2020-02-23T00:03:01.759Z

 Has Finished:  96.40%

userAgent:  Mozilla/5.0 (X11; U; Linux x86_64; en-GB; rv:1.9.0.8) Gecko/2009032712 Ubuntu/8.10 (intrepid) Firefox/3.0.8

domain:  www.google.me
url https://www.google.me/search?hl=pt-BR&q=site%3Amyshopify.com+Oral+Hygiene&num=100&btnG=Google+Search
count:  98
count:  198
count:  298
2020-02-23T00:07:56.574Z

 Has Finished:  97.12%

userAgent:  Mozilla/5.0 (Windows; U; Windows NT 5.1; it; rv:1.8.1.18) Gecko/20081029 Firefox/2.0.0.18

domain:  www.google.com.pr
url https://www.google.com.pr/search?hl=pt-BR&q=site%3Amyshopify.com+Tattoo+Kits&num=100&btnG=Google+Search
count:  99
count:  199
count:  299
2020-02-23T00:12:39.008Z

 Has Finished:  97.84%

userAgent:  Mozilla/5.0 (X11; U; Linux i686; fr; rv:1.7.10) Gecko/20050925 Firefox/1.0.4 (Debian package 1.0.4-2sarge5)

domain:  www.google.pn
url https://www.google.pn/search?hl=pt-BR&q=site%3Amyshopify.com+Condoms&num=100&btnG=Google+Search
count:  99
count:  199
count:  297
2020-02-23T00:17:26.725Z

 Has Finished:  98.56%

userAgent:  Mozilla/5.0 (compatible; MSIE 9.0; Windows NT 6.1; Trident/5.0; yie8)

domain:  www.google.it
url https://www.google.it/search?hl=pt-BR&q=site%3Amyshopify.com+Lubricants&num=100&btnG=Google+Search
count:  100
count:  200
count:  276
2020-02-23T00:22:25.502Z

 Has Finished:  99.28%

userAgent:  Mozilla/4.0 (compatible; MSIE 5.0; Windows NT; DigExt; .NET CLR 1.0.3705)

domain:  www.google.com.eg
url https://www.google.com.eg/search?hl=pt-BR&q=site%3Amyshopify.com+Vibrators&num=100&btnG=Google+Search
count:  100
count:  200
count:  293
2020-02-23T00:27:26.976Z

 Has Finished:  100.00%
finally end...
